[Sat May 31 22:01:46 2025] Pengguna 'Dhio' terdaftar
[Sat May 31 22:01:54 2025] Pengguna 'Dhio' login
[Sat May 31 22:02:22 2025] Pengguna 'Dhio' terdaftar
[Sun Jun 01 09:48:22 2025] Pengguna 'Dhio' terdaftar
[Sun Jun 01 09:48:55 2025] Pengguna 'Dhio' login
[Sun Jun 01 10:04:09 2025] Pengguna 'Dhio' login
[Mon Jun 02 00:13:04 2025] Pengguna 'Dhio' login
[Mon Jun 02 00:14:49 2025] Pengguna 'Dhio' login
[Mon Jun 02 00:18:24 2025] Pengguna 'Dhio ' login
[Mon Jun 02 00:21:00 2025] Pengguna 'Dhio' login
[Mon Jun 02 00:21:21 2025] Pengguna 'Dhio' login
[Mon Jun 02 00:23:46 2025] Pengguna 'Dhio' login
[Mon Jun 02 00:25:37 2025] Pengguna 'Dhio' login
[Mon Jun 02 14:29:11 2025] Pengguna 'Camelia' terdaftar
[Mon Jun 02 14:29:51 2025] Pengguna 'Camelia' login
[Wed Jun 04 20:36:39 2025] Pengguna 'Dhio Rizqi' terdaftar
[Wed Jun 04 20:36:50 2025] Pengguna 'Dhio Rizqi' login
[Wed Jun 04 20:43:15 2025] Pengguna 'Dhio Rizqi' login
[Wed Jun 04 20:50:22 2025] Pengguna 'Dhio Rizqi' login
[Wed Jun 04 20:55:55 2025] Pengguna 'Dhio Rizqi' login
[Wed Jun 04 20:58:13 2025] Pengguna 'Dhio Rizqi' login
[Wed Jun 04 21:07:05 2025] Pengguna 'Dhio Rizqi' login
[Wed Jun 04 21:20:04 2025] Pengguna 'Dhio Rizqi' login
[Wed Jun 04 21:44:41 2025] Pengguna 'Dhio Rizqi' login
[Wed Jun 04 22:03:38 2025] Pengguna 'Dhio Rizqi' login
[Wed Jun 04 23:15:32 2025] Pengguna 'Dhio Rizqi' login
[Wed Jun 04 23:22:00 2025] Pengguna 'Dhio Rizqi' login
[Wed Jun 04 23:30:09 2025] Pengguna 'Dhio Rizqi' login
[Wed Jun 04 23:31:15 2025] Pengguna 'Dhio Rizqi' login
[Wed Jun 04 23:50:11 2025] Pengguna 'Lola' terdaftar
[Wed Jun 04 23:50:24 2025] Pengguna 'Lola' login
[Wed Jun 04 23:52:44 2025] Pengguna 'Lola' login
[Thu Jun 05 00:26:36 2025] Pengguna 'Lola' login
[Thu Jun 05 00:35:32 2025] Pengguna 'Lola' login
[Thu Jun 05 00:37:12 2025] Pengguna 'Lola' login
[Thu Jun 05 00:49:01 2025] Pengguna 'Lola' login
[Thu Jun 05 01:05:39 2025] Pengguna 'Lola' login
[Thu Jun 05 01:22:29 2025] Pengguna 'Lola' login
[Thu Jun 05 12:01:14 2025] Pengguna 'Lola' login
[Mon Jun 09 14:55:05 2025] Pengguna 'Lola' login
[Mon Jun 09 15:15:30 2025] Pengguna 'Lola' login
[Mon Jun 09 15:16:11 2025] Pengguna 'Lola' login
[Mon Jun 09 15:16:42 2025] Pengguna 'Lola' login
[Mon Jun  9 19:19:40 2025] Pengguna 'hello' terdaftar
[Tue Jun 10 15:08:11 2025] Pengguna 'hello' login
[Wed Oct 22 08:31:41 2025] Pengguna 'ilmi' terdaftar
[Wed Oct 22 08:31:48 2025] Pengguna 'ilmi' login
